<?xml version="1.0" encoding="UTF-8"?>
<testng-results skipped="0" failed="0" ignored="0" total="0" passed="0">
  <reporter-output>
  </reporter-output>
  <suite name="LibraryTest" duration-ms="7" started-at="2019-12-25T15:50:55 CST" finished-at="2019-12-25T15:50:55 CST">
    <groups>
    </groups>
    <test name="Command line test" duration-ms="7" started-at="2019-12-25T15:50:55 CST" finished-at="2019-12-25T15:50:55 CST">
    </test> <!-- Command line test -->
  </suite> <!-- LibraryTest -->
</testng-results>
